<?xml version="1.0" encoding="UTF-8"?>
<!-- Generated by org.testng.reporters.JUnitReportReporter -->
<testsuite hostname="DESKTOP-D9VBFC5" failures="0" tests="1" name="testCases.TC001_MobileLogin" time="3.436" errors="0" timestamp="2025-09-15T11:29:59 IST" skipped="0">
  <testcase classname="testCases.TC001_MobileLogin" name="loginTest" time="3.436"/>
</testsuite> <!-- testCases.TC001_MobileLogin -->
