<?xml version="1.0" encoding="UTF-8"?>
<!-- Generated by org.testng.reporters.JUnitReportReporter -->
<testsuite hostname="DESKTOP-D9VBFC5" failures="0" tests="1" name="testCases.TC014_MyList" time="8.672" errors="0" timestamp="2025-09-12T14:19:08 IST" skipped="0">
  <testcase classname="testCases.TC014_MyList" name="myListTest" time="8.672"/>
</testsuite> <!-- testCases.TC014_MyList -->
