<?xml version="1.0" encoding="UTF-8"?>
<!-- Generated by org.testng.reporters.JUnitReportReporter -->
<testsuite hostname="DESKTOP-D9VBFC5" failures="0" tests="1" name="testCases.TC007_SearchPage" time="2.341" errors="0" timestamp="2025-09-02T23:06:38 IST" skipped="0">
  <testcase classname="testCases.TC007_SearchPage" name="searchTest" time="2.341"/>
</testsuite> <!-- testCases.TC007_SearchPage -->
