<?xml version="1.0" encoding="UTF-8"?>
<!-- Generated by org.testng.reporters.JUnitReportReporter -->
<testsuite hostname="DESKTOP-D9VBFC5" failures="0" tests="1" name="testCases.TC005_TopTabsClick" time="48.226" errors="0" timestamp="2025-09-02T23:06:38 IST" skipped="0">
  <testcase classname="testCases.TC005_TopTabsClick" name="topTabsClick" time="48.226"/>
</testsuite> <!-- testCases.TC005_TopTabsClick -->
