<?xml version="1.0" encoding="UTF-8"?>
<!-- Generated by org.testng.reporters.JUnitReportReporter -->
<testsuite hostname="DESKTOP-D9VBFC5" failures="0" tests="1" name="testCases.TC011_Playerscreen" time="66.245" errors="0" timestamp="2025-09-16T13:06:29 IST" skipped="0">
  <testcase classname="testCases.TC011_Playerscreen" name="playerscreentest" time="66.245"/>
</testsuite> <!-- testCases.TC011_Playerscreen -->
