<?xml version="1.0" encoding="UTF-8"?>
<!-- Generated by org.testng.reporters.JUnitReportReporter -->
<testsuite hostname="DESKTOP-D9VBFC5" failures="0" tests="1" name="testCases.TC010_RegistrationPage" time="11.763" errors="0" timestamp="2025-09-08T15:45:50 IST" skipped="0">
  <testcase classname="testCases.TC010_RegistrationPage" name="registrationTest" time="11.763"/>
</testsuite> <!-- testCases.TC010_RegistrationPage -->
