<?xml version="1.0" encoding="UTF-8"?>
<!-- Generated by org.testng.reporters.JUnitReportReporter -->
<testsuite hostname="DESKTOP-D9VBFC5" failures="0" tests="1" name="testCases.TC012_ChangePassword" time="33.964" errors="0" timestamp="2025-09-10T17:44:50 IST" skipped="0">
  <testcase classname="testCases.TC012_ChangePassword" name="changepasswordtest" time="33.964"/>
</testsuite> <!-- testCases.TC012_ChangePassword -->
