<?xml version="1.0" encoding="UTF-8"?>
<!-- Generated by org.testng.reporters.JUnitReportReporter -->
<testsuite hostname="DESKTOP-D9VBFC5" failures="0" tests="1" name="testCases.TC001_LP" time="4.674" errors="0" timestamp="2025-08-13T10:58:33 IST" skipped="0">
  <testcase classname="testCases.TC001_LP" name="loginTest" time="4.674"/>
</testsuite> <!-- testCases.TC001_LP -->
