<?xml version="1.0" encoding="UTF-8"?>
<!-- Generated by org.testng.reporters.JUnitReportReporter -->
<testsuite hostname="DESKTOP-D9VBFC5" failures="0" tests="1" name="testCases.TC011_Playerscreen" time="77.998" errors="0" timestamp="2025-09-10T14:16:13 IST" skipped="0">
  <testcase classname="testCases.TC011_Playerscreen" name="playerscreentest" time="77.998"/>
</testsuite> <!-- testCases.TC011_Playerscreen -->
