<?xml version="1.0" encoding="UTF-8"?>
<!-- Generated by org.testng.reporters.JUnitReportReporter -->
<testsuite hostname="DESKTOP-D9VBFC5" failures="0" tests="1" name="testCases.TC013_ConnectTV" time="13.198" errors="0" timestamp="2025-09-11T10:03:11 IST" skipped="0">
  <testcase classname="testCases.TC013_ConnectTV" name="connectTVTest" time="13.198"/>
</testsuite> <!-- testCases.TC013_ConnectTV -->
