<?xml version="1.0" encoding="UTF-8"?>
<!-- Generated by org.testng.reporters.JUnitReportReporter -->
<testsuite hostname="DESKTOP-D9VBFC5" failures="0" tests="1" name="testCases.TC016_MemberAndBilling" time="17.013" errors="0" timestamp="2025-09-18T18:06:05 IST" skipped="0">
  <testcase classname="testCases.TC016_MemberAndBilling" name="memberAndBillingTest" time="17.013"/>
</testsuite> <!-- testCases.TC016_MemberAndBilling -->
