<?xml version="1.0" encoding="UTF-8"?>
<!-- Generated by org.testng.reporters.JUnitReportReporter -->
<testsuite hostname="DESKTOP-D9VBFC5" failures="0" tests="1" name="testCases.TC015_MyDevice" time="10.472" errors="0" timestamp="2025-09-16T15:10:07 IST" skipped="0">
  <testcase classname="testCases.TC015_MyDevice" name="myDeviceTest" time="10.472"/>
</testsuite> <!-- testCases.TC015_MyDevice -->
