<?xml version="1.0" encoding="UTF-8"?>
<!-- Generated by org.testng.reporters.JUnitReportReporter -->
<testsuite hostname="DESKTOP-D9VBFC5" failures="0" tests="1" name="testCases.TC008_ContentDetailsPage" time="37.714" errors="0" timestamp="2025-09-02T23:06:38 IST" skipped="0">
  <testcase classname="testCases.TC008_ContentDetailsPage" name="contentDetailsTest" time="37.714"/>
</testsuite> <!-- testCases.TC008_ContentDetailsPage -->
